[I 19:56:21.252 LabApp] Writing notebook server cookie secret to /media/sf_myfolders/.local/share/jupyter/runtime/notebook_cookie_secret
[W 19:56:21.813 LabApp] All authentication is disabled.  Anyone who can connect to this server will be able to run code.
[I 19:56:21.825 LabApp] JupyterLab extension loaded from /usr/lib64/python3.5/site-packages/jupyterlab
[I 19:56:21.826 LabApp] JupyterLab application directory is /usr/share/jupyter/lab
[W 19:56:21.828 LabApp] JupyterLab server extension not enabled, manually loading...
[I 19:56:21.832 LabApp] JupyterLab extension loaded from /usr/lib64/python3.5/site-packages/jupyterlab
[I 19:56:21.832 LabApp] JupyterLab application directory is /usr/share/jupyter/lab
[I 19:56:21.833 LabApp] Serving notebooks from local directory: /folders/myfolders
[I 19:56:21.833 LabApp] The Jupyter Notebook is running at:
[I 19:56:21.833 LabApp] http://(localhost.localdomain or 127.0.0.1):8890/jupyter/
[I 19:56:21.833 LabApp] Use Control-C to stop this server and shut down all kernels (twice to skip confirmation).
[I 20:25:34.256 LabApp] 302 GET /jupyter/ (127.0.0.1) 2.12ms
[I 20:25:35.391 LabApp] Node v8.9.4
    
[I 20:25:35.636 LabApp] Build is up to date
[W 20:25:35.644 LabApp] 404 GET /jupyter/lab/api/workspaces/jupyter/lab?1580329535644 (127.0.0.1): Workspace 'jupyter/lab' ('jupyterlab-90b5') not found
[W 20:25:35.644 LabApp] Workspace 'jupyter/lab' ('jupyterlab-90b5') not found
[W 20:25:35.646 LabApp] 404 GET /jupyter/lab/api/workspaces/jupyter/lab?1580329535644 (127.0.0.1) 3.45ms referer=http://localhost:10080/jupyter/lab?
[I 20:25:37.911 LabApp] Creating new notebook in /
[I 20:25:37.921 LabApp] Writing notebook-signing key to /media/sf_myfolders/.local/share/jupyter/notebook_secret
[I 20:25:38.239 LabApp] Kernel started: a232ffdc-cc33-4306-86e0-6ff18d85e065
[I 20:25:40.296 LabApp] Adapting to protocol v5.1 for kernel a232ffdc-cc33-4306-86e0-6ff18d85e065
[I 20:25:40.315 LabApp] Adapting to protocol v5.1 for kernel a232ffdc-cc33-4306-86e0-6ff18d85e065
[I 20:27:39.018 LabApp] Starting buffering for a232ffdc-cc33-4306-86e0-6ff18d85e065:8dd34a10-d277-46b6-8163-7d4cf72194b3
